\BOOKMARK [0][-]{chapter.1}{\376\377\000I\000n\000t\000r\000o\000d\000u\000c\000t\000i\000o\000n}{}% 1
\BOOKMARK [1][-]{section.1.1}{\376\377\000T\000h\000e\000\040\000c\000o\000r\000r\000e\000s\000p\000o\000n\000d\000e\000n\000c\000e\000\040\000p\000r\000o\000b\000l\000e\000m}{chapter.1}% 2
\BOOKMARK [1][-]{section.1.2}{\376\377\000S\000y\000n\000e\000r\000g\000y\000-\000d\000r\000i\000v\000e\000n\000\040\000i\000n\000p\000u\000t}{chapter.1}% 3
\BOOKMARK [1][-]{section.1.3}{\376\377\000O\000b\000j\000e\000c\000t\000i\000v\000e}{chapter.1}% 4
\BOOKMARK [1][-]{section.1.4}{\376\377\000S\000t\000r\000u\000c\000t\000u\000r\000e}{chapter.1}% 5
\BOOKMARK [0][-]{chapter.2}{\376\377\000B\000a\000c\000k\000g\000r\000o\000u\000n\000d}{}% 6
\BOOKMARK [1][-]{section.2.1}{\376\377\000P\000o\000s\000t\000u\000r\000a\000l\000\040\000s\000y\000n\000e\000r\000g\000i\000e\000s}{chapter.2}% 7
\BOOKMARK [1][-]{section.2.2}{\376\377\000S\000t\000a\000n\000d\000a\000r\000d\000\040\000m\000o\000t\000i\000o\000n\000\040\000r\000e\000t\000a\000r\000g\000e\000t\000i\000n\000g\000\040\000s\000t\000r\000a\000t\000e\000g\000i\000e\000s}{chapter.2}% 8
\BOOKMARK [1][-]{section.2.3}{\376\377\000O\000b\000j\000e\000c\000t\000-\000b\000a\000s\000e\000d\000\040\000r\000e\000t\000a\000r\000g\000e\000t\000i\000n\000g}{chapter.2}% 9
\BOOKMARK [0][-]{chapter.3}{\376\377\000F\000r\000a\000m\000e\000w\000o\000r\000k}{}% 10
\BOOKMARK [1][-]{section.3.1}{\376\377\000R\000e\000f\000e\000r\000e\000n\000c\000e\000\040\000p\000o\000i\000n\000t\000s\000\040\000a\000n\000d\000\040\000s\000p\000h\000e\000r\000e\000\040\000d\000e\000f\000i\000n\000i\000t\000i\000o\000n}{chapter.3}% 11
\BOOKMARK [1][-]{section.3.2}{\376\377\000I\000n\000t\000e\000r\000a\000c\000t\000i\000o\000n\000\040\000m\000a\000t\000r\000i\000x}{chapter.3}% 12
\BOOKMARK [1][-]{section.3.3}{\376\377\000R\000e\000t\000a\000r\000g\000e\000t\000i\000n\000g\000\040\000c\000o\000n\000t\000r\000o\000l\000\040\000l\000a\000w}{chapter.3}% 13
\BOOKMARK [1][-]{section.3.4}{\376\377\000R\000e\000d\000u\000n\000d\000a\000n\000c\000y\000\040\000r\000e\000s\000o\000l\000u\000t\000i\000o\000n}{chapter.3}% 14
\BOOKMARK [0][-]{chapter.4}{\376\377\000E\000x\000p\000e\000r\000i\000m\000e\000n\000t\000a\000l\000\040\000s\000e\000t\000u\000p}{}% 15
\BOOKMARK [1][-]{section.4.1}{\376\377\000S\000y\000s\000t\000e\000m\000\040\000o\000v\000e\000r\000v\000i\000e\000w}{chapter.4}% 16
\BOOKMARK [1][-]{section.4.2}{\376\377\000H\000u\000m\000a\000n\000\040\000i\000n\000p\000u\000t\000\040\000l\000a\000y\000e\000r}{chapter.4}% 17
\BOOKMARK [1][-]{section.4.3}{\376\377\000S\000o\000f\000t\000w\000a\000r\000e\000\040\000i\000m\000p\000l\000e\000m\000e\000n\000t\000a\000t\000i\000o\000n}{chapter.4}% 18
\BOOKMARK [1][-]{section.4.4}{\376\377\000R\000o\000b\000o\000t\000\040\000m\000o\000d\000e\000l\000s}{chapter.4}% 19
\BOOKMARK [2][-]{subsection.4.4.1}{\376\377\000B\000a\000r\000r\000e\000t\000t\000\040\000H\000a\000n\000d}{section.4.4}% 20
\BOOKMARK [2][-]{subsection.4.4.2}{\376\377\000M\000i\000a\000\040\000H\000a\000n\000d}{section.4.4}% 21
\BOOKMARK [2][-]{subsection.4.4.3}{\376\377\000S\000h\000a\000d\000o\000w\000\040\000D\000e\000x\000t\000e\000r\000o\000u\000s\000\040\000H\000a\000n\000d}{section.4.4}% 22
\BOOKMARK [1][-]{section.4.5}{\376\377\000E\000v\000a\000l\000u\000a\000t\000i\000o\000n\000\040\000m\000e\000t\000r\000i\000c\000s}{chapter.4}% 23
\BOOKMARK [2][-]{subsection.4.5.1}{\376\377\000G\000e\000o\000m\000e\000t\000r\000y\000\040\000m\000e\000t\000r\000i\000c\000s}{section.4.5}% 24
\BOOKMARK [2][-]{subsection.4.5.2}{\376\377\000E\000n\000e\000r\000g\000y\000\040\000m\000e\000t\000r\000i\000c\000s}{section.4.5}% 25
\BOOKMARK [1][-]{section.4.6}{\376\377\000Q\000u\000a\000l\000i\000t\000a\000t\000i\000v\000e\000\040\000v\000a\000l\000i\000d\000a\000t\000i\000o\000n}{chapter.4}% 26
\BOOKMARK [2][-]{subsection.4.6.1}{\376\377\000S\000i\000m\000u\000l\000a\000t\000i\000o\000n\000\040\000p\000h\000y\000s\000i\000c\000s\000\040\000s\000e\000t\000u\000p}{section.4.6}% 27
\BOOKMARK [0][-]{chapter.5}{\376\377\000R\000e\000s\000u\000l\000t\000s}{}% 28
\BOOKMARK [1][-]{section.5.1}{\376\377\000Q\000u\000a\000n\000t\000i\000t\000a\000t\000i\000v\000e\000\040\000a\000n\000a\000l\000y\000s\000i\000s}{chapter.5}% 29
\BOOKMARK [2][-]{subsection.5.1.1}{\376\377\000B\000a\000r\000r\000e\000t\000t\000\040\000H\000a\000n\000d}{section.5.1}% 30
\BOOKMARK [2][-]{subsection.5.1.2}{\376\377\000M\000i\000a\000\040\000H\000a\000n\000d}{section.5.1}% 31
\BOOKMARK [2][-]{subsection.5.1.3}{\376\377\000S\000h\000a\000d\000o\000w\000\040\000D\000e\000x\000t\000e\000r\000o\000u\000s\000\040\000H\000a\000n\000d}{section.5.1}% 32
\BOOKMARK [1][-]{section.5.2}{\376\377\000I\000m\000p\000a\000c\000t\000\040\000o\000f\000\040\000r\000e\000d\000u\000n\000d\000a\000n\000c\000y\000\040\000r\000e\000s\000o\000l\000u\000t\000i\000o\000n}{chapter.5}% 33
\BOOKMARK [1][-]{section.5.3}{\376\377\000Q\000u\000a\000l\000i\000t\000a\000t\000i\000v\000e\000\040\000v\000a\000l\000i\000d\000a\000t\000i\000o\000n}{chapter.5}% 34
\BOOKMARK [2][-]{subsection.5.3.1}{\376\377\000B\000a\000r\000r\000e\000t\000t\000\040\000H\000a\000n\000d}{section.5.3}% 35
\BOOKMARK [2][-]{subsection.5.3.2}{\376\377\000M\000i\000a\000\040\000H\000a\000n\000d}{section.5.3}% 36
\BOOKMARK [2][-]{subsection.5.3.3}{\376\377\000S\000h\000a\000d\000o\000w\000\040\000H\000a\000n\000d}{section.5.3}% 37
\BOOKMARK [0][-]{chapter.6}{\376\377\000C\000o\000n\000c\000l\000u\000s\000i\000o\000n}{}% 38
\BOOKMARK [1][-]{section.6.1}{\376\377\000S\000u\000m\000m\000a\000r\000y}{chapter.6}% 39
\BOOKMARK [1][-]{section.6.2}{\376\377\000F\000u\000t\000u\000r\000e\000\040\000w\000o\000r\000k}{chapter.6}% 40
